<?xml version="1.0" encoding="UTF-8"?>
<testsuite name="com.proyecto.auth.AuthApplicationTests" tests="1" skipped="0" failures="0" errors="0" timestamp="2025-10-21T02:08:54.689Z" hostname="MacBook-Pro-de-Victor-2.local" time="0.006">
  <properties/>
  <testcase name="contextLoads()" classname="com.proyecto.auth.AuthApplicationTests" time="0.006"/>
  <system-out><![CDATA[]]></system-out>
  <system-err><![CDATA[]]></system-err>
</testsuite>
