<?xml version="1.0" encoding="UTF-8"?>
<testsuite name="com.proyecto.auth.AuthApplicationTests" tests="1" skipped="0" failures="0" errors="0" timestamp="2025-10-24T19:09:06.432Z" hostname="MacBook-Pro-de-Victor-2.local" time="0.008">
  <properties/>
  <testcase name="contextLoads()" classname="com.proyecto.auth.AuthApplicationTests" time="0.008"/>
  <system-out><![CDATA[]]></system-out>
  <system-err><![CDATA[]]></system-err>
</testsuite>
